;  LST file generated by mikroListExporter - v.2.0 
; Date/Time: 26-Dec-17 5:39:32 PM
;----------------------------------------------

;Address Opcode 	ASM
0x0000	0xF000EF8C  	GOTO        280
_interrupt:
;Relay4.c,1 :: 		void interrupt(){
;Relay4.c,2 :: 		if(INT0IF_bit && INT0IE_bit){
0x0008	0xA2F2      	BTFSS       INT0IF_bit, BitPos(INT0IF_bit+0) 
0x000A	0xD041      	BRA         L_interrupt2
0x000C	0xA8F2      	BTFSS       INT0IE_bit, BitPos(INT0IE_bit+0) 
0x000E	0xD03F      	BRA         L_interrupt2
L__interrupt15:
;Relay4.c,3 :: 		INT0IF_bit=0;
0x0010	0x92F2      	BCF         INT0IF_bit, BitPos(INT0IF_bit+0) 
;Relay4.c,4 :: 		Delay_ms(1000);
0x0012	0x0E0B      	MOVLW       11
0x0014	0x6E0B      	MOVWF       R11, 0
0x0016	0x0E26      	MOVLW       38
0x0018	0x6E0C      	MOVWF       R12, 0
0x001A	0x0E5D      	MOVLW       93
0x001C	0x6E0D      	MOVWF       R13, 0
L_interrupt3:
0x001E	0x2E0D      	DECFSZ      R13, 1, 0
0x0020	0xD7FE      	BRA         L_interrupt3
0x0022	0x2E0C      	DECFSZ      R12, 1, 0
0x0024	0xD7FC      	BRA         L_interrupt3
0x0026	0x2E0B      	DECFSZ      R11, 1, 0
0x0028	0xD7FA      	BRA         L_interrupt3
0x002A	0x0000      	NOP
0x002C	0x0000      	NOP
;Relay4.c,5 :: 		RD0_bit=1;
0x002E	0x8083      	BSF         RD0_bit, BitPos(RD0_bit+0) 
;Relay4.c,6 :: 		RD1_bit=1;
0x0030	0x8283      	BSF         RD1_bit, BitPos(RD1_bit+0) 
;Relay4.c,7 :: 		Delay_ms(5000);
0x0032	0x0E33      	MOVLW       51
0x0034	0x6E0B      	MOVWF       R11, 0
0x0036	0x0EBB      	MOVLW       187
0x0038	0x6E0C      	MOVWF       R12, 0
0x003A	0x0EDF      	MOVLW       223
0x003C	0x6E0D      	MOVWF       R13, 0
L_interrupt4:
0x003E	0x2E0D      	DECFSZ      R13, 1, 0
0x0040	0xD7FE      	BRA         L_interrupt4
0x0042	0x2E0C      	DECFSZ      R12, 1, 0
0x0044	0xD7FC      	BRA         L_interrupt4
0x0046	0x2E0B      	DECFSZ      R11, 1, 0
0x0048	0xD7FA      	BRA         L_interrupt4
0x004A	0x0000      	NOP
0x004C	0x0000      	NOP
;Relay4.c,8 :: 		RD0_bit=0;
0x004E	0x9083      	BCF         RD0_bit, BitPos(RD0_bit+0) 
;Relay4.c,9 :: 		RD1_bit=0;
0x0050	0x9283      	BCF         RD1_bit, BitPos(RD1_bit+0) 
;Relay4.c,10 :: 		Delay_ms(3000);
0x0052	0x0E1F      	MOVLW       31
0x0054	0x6E0B      	MOVWF       R11, 0
0x0056	0x0E71      	MOVLW       113
0x0058	0x6E0C      	MOVWF       R12, 0
0x005A	0x0E1E      	MOVLW       30
0x005C	0x6E0D      	MOVWF       R13, 0
L_interrupt5:
0x005E	0x2E0D      	DECFSZ      R13, 1, 0
0x0060	0xD7FE      	BRA         L_interrupt5
0x0062	0x2E0C      	DECFSZ      R12, 1, 0
0x0064	0xD7FC      	BRA         L_interrupt5
0x0066	0x2E0B      	DECFSZ      R11, 1, 0
0x0068	0xD7FA      	BRA         L_interrupt5
0x006A	0x0000      	NOP
;Relay4.c,11 :: 		RC0_bit=1; //VODAAAAAAAA
0x006C	0x8082      	BSF         RC0_bit, BitPos(RC0_bit+0) 
;Relay4.c,12 :: 		Delay_ms(1000);
0x006E	0x0E0B      	MOVLW       11
0x0070	0x6E0B      	MOVWF       R11, 0
0x0072	0x0E26      	MOVLW       38
0x0074	0x6E0C      	MOVWF       R12, 0
0x0076	0x0E5D      	MOVLW       93
0x0078	0x6E0D      	MOVWF       R13, 0
L_interrupt6:
0x007A	0x2E0D      	DECFSZ      R13, 1, 0
0x007C	0xD7FE      	BRA         L_interrupt6
0x007E	0x2E0C      	DECFSZ      R12, 1, 0
0x0080	0xD7FC      	BRA         L_interrupt6
0x0082	0x2E0B      	DECFSZ      R11, 1, 0
0x0084	0xD7FA      	BRA         L_interrupt6
0x0086	0x0000      	NOP
0x0088	0x0000      	NOP
;Relay4.c,13 :: 		INT0IE_bit=0;
0x008A	0x98F2      	BCF         INT0IE_bit, BitPos(INT0IE_bit+0) 
;Relay4.c,14 :: 		INT1IE_bit=1;
0x008C	0x86F0      	BSF         INT1IE_bit, BitPos(INT1IE_bit+0) 
;Relay4.c,15 :: 		}
L_interrupt2:
;Relay4.c,17 :: 		if(INT1IF_bit && INT1IE_bit){
0x008E	0xA0F0      	BTFSS       INT1IF_bit, BitPos(INT1IF_bit+0) 
0x0090	0xD042      	BRA         L_interrupt9
0x0092	0xA6F0      	BTFSS       INT1IE_bit, BitPos(INT1IE_bit+0) 
0x0094	0xD040      	BRA         L_interrupt9
L__interrupt14:
;Relay4.c,18 :: 		INT1IF_bit=0;
0x0096	0x90F0      	BCF         INT1IF_bit, BitPos(INT1IF_bit+0) 
;Relay4.c,19 :: 		Delay_ms(1000);
0x0098	0x0E0B      	MOVLW       11
0x009A	0x6E0B      	MOVWF       R11, 0
0x009C	0x0E26      	MOVLW       38
0x009E	0x6E0C      	MOVWF       R12, 0
0x00A0	0x0E5D      	MOVLW       93
0x00A2	0x6E0D      	MOVWF       R13, 0
L_interrupt10:
0x00A4	0x2E0D      	DECFSZ      R13, 1, 0
0x00A6	0xD7FE      	BRA         L_interrupt10
0x00A8	0x2E0C      	DECFSZ      R12, 1, 0
0x00AA	0xD7FC      	BRA         L_interrupt10
0x00AC	0x2E0B      	DECFSZ      R11, 1, 0
0x00AE	0xD7FA      	BRA         L_interrupt10
0x00B0	0x0000      	NOP
0x00B2	0x0000      	NOP
;Relay4.c,20 :: 		RC0_bit=0; //VODAAAAAAA
0x00B4	0x9082      	BCF         RC0_bit, BitPos(RC0_bit+0) 
;Relay4.c,21 :: 		Delay_ms(5000);
0x00B6	0x0E33      	MOVLW       51
0x00B8	0x6E0B      	MOVWF       R11, 0
0x00BA	0x0EBB      	MOVLW       187
0x00BC	0x6E0C      	MOVWF       R12, 0
0x00BE	0x0EDF      	MOVLW       223
0x00C0	0x6E0D      	MOVWF       R13, 0
L_interrupt11:
0x00C2	0x2E0D      	DECFSZ      R13, 1, 0
0x00C4	0xD7FE      	BRA         L_interrupt11
0x00C6	0x2E0C      	DECFSZ      R12, 1, 0
0x00C8	0xD7FC      	BRA         L_interrupt11
0x00CA	0x2E0B      	DECFSZ      R11, 1, 0
0x00CC	0xD7FA      	BRA         L_interrupt11
0x00CE	0x0000      	NOP
0x00D0	0x0000      	NOP
;Relay4.c,22 :: 		RD2_bit=1;
0x00D2	0x8483      	BSF         RD2_bit, BitPos(RD2_bit+0) 
;Relay4.c,23 :: 		RD3_bit=1;
0x00D4	0x8683      	BSF         RD3_bit, BitPos(RD3_bit+0) 
;Relay4.c,24 :: 		Delay_ms(5000);
0x00D6	0x0E33      	MOVLW       51
0x00D8	0x6E0B      	MOVWF       R11, 0
0x00DA	0x0EBB      	MOVLW       187
0x00DC	0x6E0C      	MOVWF       R12, 0
0x00DE	0x0EDF      	MOVLW       223
0x00E0	0x6E0D      	MOVWF       R13, 0
L_interrupt12:
0x00E2	0x2E0D      	DECFSZ      R13, 1, 0
0x00E4	0xD7FE      	BRA         L_interrupt12
0x00E6	0x2E0C      	DECFSZ      R12, 1, 0
0x00E8	0xD7FC      	BRA         L_interrupt12
0x00EA	0x2E0B      	DECFSZ      R11, 1, 0
0x00EC	0xD7FA      	BRA         L_interrupt12
0x00EE	0x0000      	NOP
0x00F0	0x0000      	NOP
;Relay4.c,25 :: 		RD2_bit=0;
0x00F2	0x9483      	BCF         RD2_bit, BitPos(RD2_bit+0) 
;Relay4.c,26 :: 		RD3_bit=0;
0x00F4	0x9683      	BCF         RD3_bit, BitPos(RD3_bit+0) 
;Relay4.c,27 :: 		Delay_ms(1000);
0x00F6	0x0E0B      	MOVLW       11
0x00F8	0x6E0B      	MOVWF       R11, 0
0x00FA	0x0E26      	MOVLW       38
0x00FC	0x6E0C      	MOVWF       R12, 0
0x00FE	0x0E5D      	MOVLW       93
0x0100	0x6E0D      	MOVWF       R13, 0
L_interrupt13:
0x0102	0x2E0D      	DECFSZ      R13, 1, 0
0x0104	0xD7FE      	BRA         L_interrupt13
0x0106	0x2E0C      	DECFSZ      R12, 1, 0
0x0108	0xD7FC      	BRA         L_interrupt13
0x010A	0x2E0B      	DECFSZ      R11, 1, 0
0x010C	0xD7FA      	BRA         L_interrupt13
0x010E	0x0000      	NOP
0x0110	0x0000      	NOP
;Relay4.c,28 :: 		INT0IE_bit=1;
0x0112	0x88F2      	BSF         INT0IE_bit, BitPos(INT0IE_bit+0) 
;Relay4.c,29 :: 		INT1IE_bit=0;
0x0114	0x96F0      	BCF         INT1IE_bit, BitPos(INT1IE_bit+0) 
;Relay4.c,30 :: 		}
L_interrupt9:
;Relay4.c,31 :: 		}
L_end_interrupt:
L__interrupt17:
0x0116	0x0011      	RETFIE      1
; end of _interrupt
_main:
;Relay4.c,33 :: 		void main(){
;Relay4.c,34 :: 		ADCON1=0x0F;
0x0118	0x0E0F      	MOVLW       15
0x011A	0x6EC1      	MOVWF       ADCON1 
;Relay4.c,35 :: 		GIE_bit=1;
0x011C	0x8EF2      	BSF         GIE_bit, BitPos(GIE_bit+0) 
;Relay4.c,36 :: 		TRISB = 0xFF;
0x011E	0x0EFF      	MOVLW       255
0x0120	0x6E93      	MOVWF       TRISB 
;Relay4.c,38 :: 		INT0IF_bit=0;
0x0122	0x92F2      	BCF         INT0IF_bit, BitPos(INT0IF_bit+0) 
;Relay4.c,39 :: 		INT0IE_bit=1;
0x0124	0x88F2      	BSF         INT0IE_bit, BitPos(INT0IE_bit+0) 
;Relay4.c,40 :: 		INTEDG0_bit=1;
0x0126	0x8CF1      	BSF         INTEDG0_bit, BitPos(INTEDG0_bit+0) 
;Relay4.c,42 :: 		INT1IF_bit=0;
0x0128	0x90F0      	BCF         INT1IF_bit, BitPos(INT1IF_bit+0) 
;Relay4.c,43 :: 		INT1IE_bit=0;
0x012A	0x96F0      	BCF         INT1IE_bit, BitPos(INT1IE_bit+0) 
;Relay4.c,44 :: 		INTEDG1_bit=1;
0x012C	0x8AF1      	BSF         INTEDG1_bit, BitPos(INTEDG1_bit+0) 
;Relay4.c,46 :: 		TRISC = 0;
0x012E	0x6A94      	CLRF        TRISC 
;Relay4.c,47 :: 		RC0_bit=0;
0x0130	0x9082      	BCF         RC0_bit, BitPos(RC0_bit+0) 
;Relay4.c,48 :: 		RC1_bit=1;
0x0132	0x8282      	BSF         RC1_bit, BitPos(RC1_bit+0) 
;Relay4.c,49 :: 		RC2_bit=0;
0x0134	0x9482      	BCF         RC2_bit, BitPos(RC2_bit+0) 
;Relay4.c,50 :: 		RC3_bit=0;
0x0136	0x9682      	BCF         RC3_bit, BitPos(RC3_bit+0) 
;Relay4.c,51 :: 		RC4_bit=0;
0x0138	0x9882      	BCF         RC4_bit, BitPos(RC4_bit+0) 
;Relay4.c,52 :: 		RC5_bit=0;
0x013A	0x9A82      	BCF         RC5_bit, BitPos(RC5_bit+0) 
;Relay4.c,53 :: 		RC6_bit=0;
0x013C	0x9C82      	BCF         RC6_bit, BitPos(RC6_bit+0) 
;Relay4.c,54 :: 		RC7_bit=0;
0x013E	0x9E82      	BCF         RC7_bit, BitPos(RC7_bit+0) 
;Relay4.c,56 :: 		TRISD = 0;
0x0140	0x6A95      	CLRF        TRISD 
;Relay4.c,57 :: 		RD0_bit=0;
0x0142	0x9083      	BCF         RD0_bit, BitPos(RD0_bit+0) 
;Relay4.c,58 :: 		RD1_bit=0;
0x0144	0x9283      	BCF         RD1_bit, BitPos(RD1_bit+0) 
;Relay4.c,59 :: 		RD2_bit=0;
0x0146	0x9483      	BCF         RD2_bit, BitPos(RD2_bit+0) 
;Relay4.c,60 :: 		RD3_bit=0;
0x0148	0x9683      	BCF         RD3_bit, BitPos(RD3_bit+0) 
;Relay4.c,61 :: 		RD4_bit=0;
0x014A	0x9883      	BCF         RD4_bit, BitPos(RD4_bit+0) 
;Relay4.c,62 :: 		RD5_bit=0;
0x014C	0x9A83      	BCF         RD5_bit, BitPos(RD5_bit+0) 
;Relay4.c,63 :: 		RD6_bit=0;
0x014E	0x9C83      	BCF         RD6_bit, BitPos(RD6_bit+0) 
;Relay4.c,64 :: 		RD7_bit=0;
0x0150	0x9E83      	BCF         RD7_bit, BitPos(RD7_bit+0) 
;Relay4.c,65 :: 		}
L_end_main:
0x0152	0xD7FF      	BRA         $+0
; end of _main
Symbol List:
//** Routines locations **
//ADDRESS    SIZE    PROCEDURE
//----------------------------------------------
0x0008     [272]    _interrupt
0x0118      [60]    _main
//** Variables locations ** 
//ADDRESS    SIZE    VARIABLE
//----------------------------------------------
0x0000       [1]    R0
0x0001       [1]    R1
0x0002       [1]    R2
0x0003       [1]    R3
0x0004       [1]    R4
0x0005       [1]    R5
0x0006       [1]    R6
0x0007       [1]    R7
0x0008       [1]    R8
0x0009       [1]    R9
0x000A       [1]    R10
0x000B       [1]    R11
0x000C       [1]    R12
0x000D       [1]    R13
0x000E       [1]    R14
0x000F       [1]    R15
0x0010       [1]    R16
0x0011       [1]    R17
0x0012       [1]    R18
0x0013       [1]    R19
0x0014       [1]    R20
0x0F82       [0]    RC0_bit
0x0F82       [0]    RC1_bit
0x0F82       [0]    RC7_bit
0x0F82       [0]    RC4_bit
0x0F82       [0]    RC6_bit
0x0F82       [0]    RC5_bit
0x0F82       [0]    RC3_bit
0x0F82       [0]    RC2_bit
0x0F83       [0]    RD2_bit
0x0F83       [0]    RD6_bit
0x0F83       [0]    RD4_bit
0x0F83       [0]    RD5_bit
0x0F83       [0]    RD3_bit
0x0F83       [0]    RD7_bit
0x0F83       [0]    RD0_bit
0x0F83       [0]    RD1_bit
0x0F93       [1]    TRISB
0x0F94       [1]    TRISC
0x0F95       [1]    TRISD
0x0FC1       [1]    ADCON1
0x0FD8       [1]    STATUS
0x0FD9       [1]    FSR2L
0x0FDA       [1]    FSR2H
0x0FDE       [1]    POSTINC2
0x0FE0       [1]    BSR
0x0FE1       [1]    FSR1L
0x0FE2       [1]    FSR1H
0x0FE4       [1]    PREINC1
0x0FE6       [1]    POSTINC1
0x0FE7       [1]    INDF1
0x0FE8       [1]    WREG
0x0FE9       [1]    FSR0L
0x0FEA       [1]    FSR0H
0x0FEE       [1]    POSTINC0
0x0FF0       [0]    INT1IF_bit
0x0FF0       [0]    INT1IE_bit
0x0FF1       [0]    INTEDG1_bit
0x0FF1       [0]    INTEDG0_bit
0x0FF2       [0]    GIE_bit
0x0FF2       [0]    INT0IF_bit
0x0FF2       [0]    INT0IE_bit
0x0FF3       [1]    PRODL
0x0FF4       [1]    PRODH
0x0FF5       [1]    TABLAT
0x0FF6       [1]    TBLPTRL
0x0FF7       [1]    TBLPTRH
0x0FF8       [1]    TBLPTRU
